<?xml version="1.0" encoding="UTF-8"?>
<!-- Generated by org.testng.reporters.JUnitReportReporter -->
<testsuite skipped="0" hostname="DESKTOP-TF80URS" name="TestLayer.VerifyValidLogin" tests="1" failures="0" timestamp="08 Jan 2020 20:39:20 GMT" time="28.908" errors="0">
  <testcase name="checklogin" time="28.908" classname="TestLayer.VerifyValidLogin"/>
</testsuite> <!-- TestLayer.VerifyValidLogin -->
